
Showing logs for build [32mcb-kubecd-environment-pr-71-1-b-2k87f-1[0m stage [32mfrom-build-pack[0m and container [32mstep-credential-initializer-ngdps[0m
{"level":"warn","ts":1574355050.087083,"logger":"fallback-logger","caller":"logging/config.go:69","msg":"Fetch GitHub commit ID from kodata failed: \"ref: refs/heads/master\" is not a valid GitHub commit ID"}
{"level":"info","ts":1574355050.088069,"logger":"fallback-logger","caller":"creds-init/main.go:40","msg":"Credentials initialized."}

Showing logs for build [32mcb-kubecd-environment-pr-71-1-b-2k87f-1[0m stage [32mfrom-build-pack[0m and container [32mstep-working-dir-initializer-zzmgv[0m
{"level":"warn","ts":1574355051.1707888,"logger":"fallback-logger","caller":"logging/config.go:69","msg":"Fetch GitHub commit ID from kodata failed: open /var/run/ko/HEAD: no such file or directory"}
{"level":"info","ts":1574355051.2056172,"logger":"fallback-logger","caller":"bash/main.go:65","msg":"Successfully executed command \"mkdir -p /workspace/source\""}

Showing logs for build [32mcb-kubecd-environment-pr-71-1-b-2k87f-1[0m stage [32mfrom-build-pack[0m and container [32mstep-place-tools[0m

Showing logs for build [32mcb-kubecd-environment-pr-71-1-b-2k87f-1[0m stage [32mfrom-build-pack[0m and container [32mstep-git-source-cb-kubecd-environment-pr-71-1-b-kdzps[0m
{"level":"warn","ts":1574355056.2391005,"logger":"fallback-logger","caller":"logging/config.go:69","msg":"Fetch GitHub commit ID from kodata failed: \"ref: refs/heads/master\" is not a valid GitHub commit ID"}
{"level":"info","ts":1574355057.2608306,"logger":"fallback-logger","caller":"git/git.go:102","msg":"Successfully cloned https://github.com/cb-kubecd/environment-pr-71-1-boot-gke-production.git @ master in path /workspace/source"}

Showing logs for build [32mcb-kubecd-environment-pr-71-1-b-2k87f-1[0m stage [32mfrom-build-pack[0m and container [32mstep-git-merge[0m
Using SHAs from PULL_REFS=master:3b649fd19132b321767f7c20e9f77add9808d0e6,1:d5de6da241a2d5856e84218816921a08c1e060f8
DEBUG: ran git fetch --unshallow origin d5de6da241a2d5856e84218816921a08c1e060f8: 3b649fd19132b321767f7c20e9f77add9808d0e6: in 
DEBUG: ran git checkout master in 
DEBUG: ran git reset --hard 3b649fd19132b321767f7c20e9f77add9808d0e6 in 
DEBUG: ran clean --force -d . in 
DEBUG: ran git merge d5de6da241a2d5856e84218816921a08c1e060f8 in 
Merged SHA d5de6da241a2d5856e84218816921a08c1e060f8 with commit message 'chore: Promote bdd-spring-1574354202 to version 0.0.1' into base branch master

Showing logs for build [32mcb-kubecd-environment-pr-71-1-b-2k87f-1[0m stage [32mfrom-build-pack[0m and container [32mstep-build-helm-build[0m
WARNING: No $CHART_REPOSITORY defined so using the default value of: http://jenkins-x-chartmuseum:8080
Adding missing Helm repo: storage.googleapis.com https://storage.googleapis.com/chartmuseum.jenkins-x.io
Read credentials for https://storage.googleapis.com/chartmuseum.jenkins-x.io from vault helm/repos
Successfully added Helm repository storage.googleapis.com.
Adding missing Helm repo: jenkins-x-chartmuseum http://jenkins-x-chartmuseum:8080
Read credentials for http://jenkins-x-chartmuseum:8080 from vault helm/repos
Successfully added Helm repository jenkins-x-chartmuseum.
WARNING: No $CHART_REPOSITORY defined so using the default value of: http://jenkins-x-chartmuseum:8080
Adding missing Helm repo: chartmuseum.jenkins-x.io http://chartmuseum.jenkins-x.io
Read credentials for http://chartmuseum.jenkins-x.io from vault helm/repos
Successfully added Helm repository chartmuseum.jenkins-x.io.
